2025-10-26 14:48:00 | WARN | repo=course-sys-int-systems-exam | action=commit
2025-04-26 09:14:00 | WARN | repo=course-sys-int-systems-exam | action=commit
2025-03-14 10:04:00 | WARN | repo=course-sys-int-systems-exam | action=commit
2025-10-21 09:55:00 | WARN | repo=course-sys-int-systems-exam | action=commit
2025-04-12 10:27:00 | INFO | repo=course-sys-int-systems-exam | action=commit
2025-10-08 17:55:00 | WARN | repo=course-sys-int-systems-exam | action=commit
2025-08-18 15:07:00 | WARN | repo=course-sys-int-systems-exam | action=edit | files=4
2025-09-22 18:25:00 | DEBUG | repo=course-sys-int-systems-exam | action=commit
2025-06-07 09:09:00 | DEBUG | repo=course-sys-int-systems-exam | action=commit
2025-05-19 12:37:00 | DEBUG | repo=course-sys-int-systems-exam | action=commit
2025-09-22 07:35:00 | WARN | repo=course-sys-int-systems-exam | action=commit
2025-03-07 13:13:00 | DEBUG | repo=course-sys-int-systems-exam | action=commit
2025-05-09 16:45:00 | WARN | repo=course-sys-int-systems-exam | action=edit | files=5
2025-08-01 16:10:00 | INFO | repo=course-sys-int-systems-exam | action=edit | files=1
2025-09-01 08:23:00 | WARN | repo=course-sys-int-systems-exam | action=commit
2025-07-11 16:22:00 | DEBUG | repo=course-sys-int-systems-exam | action=commit
2025-03-11 12:27:00 | DEBUG | repo=course-sys-int-systems-exam | action=commit
2025-08-10 17:38:00 | INFO | repo=course-sys-int-systems-exam | action=commit
2025-07-25 15:03:00 | WARN | repo=course-sys-int-systems-exam | action=commit
2025-04-01 07:08:00 | WARN | repo=course-sys-int-systems-exam | action=pull
2025-09-15 15:52:00 | WARN | repo=course-sys-int-systems-exam | action=commit
2025-04-19 12:11:00 | INFO | repo=course-sys-int-systems-exam | action=commit
2025-03-20 08:13:00 | DEBUG | repo=course-sys-int-systems-exam | action=commit
2025-09-24 19:08:00 | WARN | repo=course-sys-int-systems-exam | action=commit
2025-04-27 16:43:00 | INFO | repo=course-sys-int-systems-exam | action=test | passed=true
2025-01-27 12:52:00 | INFO | repo=course-sys-int-systems-exam | action=commit
